This file contains any messages produced by compilers while
running configure, to aid debugging if configure makes a mistake.

It was created by configure, which was
generated by GNU Autoconf 2.65.  Invocation command line was

  $ ./configure --prefix=/u/jblumenk/myoopic/xoopic2 --with-SCALAR=double --enable-fulloptimize --with-XGRAFIX-lib=/u/jblumenk/myoopic/xoopic2/lib --with-XGRAFIX-include=/u/jblumenk/myoopic/xoopic2/include --no-create --no-recursion

## --------- ##
## Platform. ##
## --------- ##

hostname = swissel-imac.pppl.gov
uname -m = i386
uname -r = 10.8.0
uname -s = Darwin
uname -v = Darwin Kernel Version 10.8.0: Tue Jun  7 16:33:36 PDT 2011; root:xnu-1504.15.3~1/RELEASE_I386

/usr/bin/uname -p = i386
/bin/uname -X     = unknown

/bin/arch              = unknown
/usr/bin/arch -k       = unknown
/usr/convex/getsysinfo = unknown
/usr/bin/hostinfo      = Mach kernel version:
	 Darwin Kernel Version 10.8.0: Tue Jun  7 16:33:36 PDT 2011; root:xnu-1504.15.3~1/RELEASE_I386
Kernel configured for up to 8 processors.
4 processors are physically available.
8 processors are logically available.
Processor type: i486 (Intel 80486)
Processors active: 0 1 2 3 4 5 6 7
Primary memory available: 8.00 gigabytes
Default processor set: 167 tasks, 738 threads, 8 processors
Load average: 0.26, Mach factor: 7.72
/bin/machine           = unknown
/usr/bin/oslevel       = unknown
/bin/universe          = unknown

PATH: /opt/local/bin
PATH: /opt/local/sbin
PATH: /sw/bin
PATH: /sw/sbin
PATH: /Library/Frameworks/Python.framework/Versions/Current/bin
PATH: /usr/bin
PATH: /bin
PATH: /usr/sbin
PATH: /sbin
PATH: /usr/local/bin
PATH: /usr/local/git/bin
PATH: /usr/X11/bin
PATH: /usr/X11R6/bin
PATH: /Users/swissel/root/bin


## ----------- ##
## Core tests. ##
## ----------- ##

configure:2431: checking for a BSD-compatible install
configure:2499: result: /opt/local/bin/ginstall -c
configure:2510: checking whether build environment is sane
configure:2560: result: yes
configure:2701: checking for a thread-safe mkdir -p
configure:2740: result: /opt/local/bin/gmkdir -p
configure:2753: checking for gawk
configure:2783: result: no
configure:2753: checking for mawk
configure:2783: result: no
configure:2753: checking for nawk
configure:2783: result: no
configure:2753: checking for awk
configure:2769: found /usr/bin/awk
configure:2780: result: awk
configure:2791: checking whether make sets $(MAKE)
configure:2813: result: yes
configure:2906: checking whether to enable maintainer-specific portions of Makefiles
configure:2915: result: no
configure:2950: checking build system type
configure:2964: result: i686-apple-darwin10.8.0
configure:2984: checking host system type
configure:2997: result: i686-apple-darwin10.8.0
configure:3092: checking for hdf5.h
configure:3122: result: /usr/local/include/hdf5.h
configure:3174: checking for libhdf5.a
configure:3204: result: /usr/local/lib/libhdf5.a
configure:3431: checking for h5diff
configure:3449: found /usr/local/bin/h5diff
configure:3461: result: /usr/local/bin/h5diff
configure:3534: WARNING: hdf5.m4 has changed.  Please be certain to include sz.m4.
configure:3645: checking for style of include used by make
configure:3673: result: GNU
configure:3743: checking for gcc
configure:3770: result: gcc
configure:3999: checking for C compiler version
configure:4008: gcc --version >&5
i686-apple-darwin10-gcc-4.2.1 (GCC) 4.2.1 (Apple Inc. build 5666) (dot 3)
Copyright (C) 2007 Free Software Foundation, Inc.
This is free software; see the source for copying conditions.  There is NO
warranty; not even for MERCHANTABILITY or FITNESS FOR A PARTICULAR PURPOSE.

configure:4019: $? = 0
configure:4008: gcc -v >&5
Using built-in specs.
Target: i686-apple-darwin10
Configured with: /var/tmp/gcc/gcc-5666.3~6/src/configure --disable-checking --enable-werror --prefix=/usr --mandir=/share/man --enable-languages=c,objc,c++,obj-c++ --program-transform-name=/^[cg][^.-]*$/s/$/-4.2/ --with-slibdir=/usr/lib --build=i686-apple-darwin10 --program-prefix=i686-apple-darwin10- --host=x86_64-apple-darwin10 --target=i686-apple-darwin10 --with-gxx-include-dir=/include/c++/4.2.1
Thread model: posix
gcc version 4.2.1 (Apple Inc. build 5666) (dot 3)
configure:4019: $? = 0
configure:4008: gcc -V >&5
gcc-4.2: argument to `-V' is missing
configure:4019: $? = 1
configure:4008: gcc -qversion >&5
i686-apple-darwin10-gcc-4.2.1: no input files
configure:4019: $? = 1
configure:4039: checking whether the C compiler works
configure:4061: gcc    conftest.c  >&5
configure:4065: $? = 0
configure:4114: result: yes
configure:4117: checking for C compiler default output file name
configure:4119: result: a.out
configure:4125: checking for suffix of executables
configure:4132: gcc -o conftest    conftest.c  >&5
configure:4136: $? = 0
configure:4158: result: 
configure:4180: checking whether we are cross compiling
configure:4188: gcc -o conftest    conftest.c  >&5
configure:4192: $? = 0
configure:4199: ./conftest
configure:4203: $? = 0
configure:4218: result: no
configure:4223: checking for suffix of object files
configure:4245: gcc -c   conftest.c >&5
configure:4249: $? = 0
configure:4270: result: o
configure:4274: checking whether we are using the GNU C compiler
configure:4293: gcc -c   conftest.c >&5
configure:4293: $? = 0
configure:4302: result: yes
configure:4311: checking whether gcc accepts -g
configure:4331: gcc -c -g  conftest.c >&5
configure:4331: $? = 0
configure:4372: result: yes
configure:4389: checking for gcc option to accept ISO C89
configure:4453: gcc  -c -g -O2  conftest.c >&5
configure:4453: $? = 0
configure:4466: result: none needed
configure:4488: checking dependency style of gcc
configure:4598: result: gcc3
configure:4614: checking for library containing strerror
configure:4645: gcc -o conftest -g -O2   conftest.c  >&5
configure:4645: $? = 0
configure:4662: result: none required
configure:4670: checking whether time.h and sys/time.h may both be included
configure:4690: gcc -c -g -O2  conftest.c >&5
configure:4690: $? = 0
configure:4697: result: yes
configure:4768: checking for g++
configure:4786: found /usr/bin/g++
configure:4798: result: /usr/bin/g++
configure:4935: checking g++ version
configure:4956: result: 4.2.1
configure:5033: WARNING: C++ compiler may generate code for this processor only.
configure:5113: checking for -fsquangle
configure:5139: result: no
configure:5526: checking how to build libraries
configure:5531: result: with ar cr  
configure:5552: checking for gcc
configure:5570: found /usr/bin/gcc
configure:5582: result: /usr/bin/gcc
configure:6373: checking for gcc
configure:6400: result: gcc
configure:6629: checking for C compiler version
configure:6638: gcc --version >&5
i686-apple-darwin10-gcc-4.2.1 (GCC) 4.2.1 (Apple Inc. build 5666) (dot 3)
Copyright (C) 2007 Free Software Foundation, Inc.
This is free software; see the source for copying conditions.  There is NO
warranty; not even for MERCHANTABILITY or FITNESS FOR A PARTICULAR PURPOSE.

configure:6649: $? = 0
configure:6638: gcc -v >&5
Using built-in specs.
Target: i686-apple-darwin10
Configured with: /var/tmp/gcc/gcc-5666.3~6/src/configure --disable-checking --enable-werror --prefix=/usr --mandir=/share/man --enable-languages=c,objc,c++,obj-c++ --program-transform-name=/^[cg][^.-]*$/s/$/-4.2/ --with-slibdir=/usr/lib --build=i686-apple-darwin10 --program-prefix=i686-apple-darwin10- --host=x86_64-apple-darwin10 --target=i686-apple-darwin10 --with-gxx-include-dir=/include/c++/4.2.1
Thread model: posix
gcc version 4.2.1 (Apple Inc. build 5666) (dot 3)
configure:6649: $? = 0
configure:6638: gcc -V >&5
gcc-4.2: argument to `-V' is missing
configure:6649: $? = 1
configure:6638: gcc -qversion >&5
i686-apple-darwin10-gcc-4.2.1: no input files
configure:6649: $? = 1
configure:6653: checking whether we are using the GNU C compiler
configure:6681: result: yes
configure:6690: checking whether gcc accepts -g
configure:6751: result: yes
configure:6768: checking for gcc option to accept ISO C89
configure:6845: result: none needed
configure:6867: checking dependency style of gcc
configure:6977: result: gcc3
configure:7104: checking for C++ compiler version
configure:7113: g++ --version >&5
i686-apple-darwin10-g++-4.2.1 (GCC) 4.2.1 (Apple Inc. build 5666) (dot 3)
Copyright (C) 2007 Free Software Foundation, Inc.
This is free software; see the source for copying conditions.  There is NO
warranty; not even for MERCHANTABILITY or FITNESS FOR A PARTICULAR PURPOSE.

configure:7124: $? = 0
configure:7113: g++ -v >&5
Using built-in specs.
Target: i686-apple-darwin10
Configured with: /var/tmp/gcc/gcc-5666.3~6/src/configure --disable-checking --enable-werror --prefix=/usr --mandir=/share/man --enable-languages=c,objc,c++,obj-c++ --program-transform-name=/^[cg][^.-]*$/s/$/-4.2/ --with-slibdir=/usr/lib --build=i686-apple-darwin10 --program-prefix=i686-apple-darwin10- --host=x86_64-apple-darwin10 --target=i686-apple-darwin10 --with-gxx-include-dir=/include/c++/4.2.1
Thread model: posix
gcc version 4.2.1 (Apple Inc. build 5666) (dot 3)
configure:7124: $? = 0
configure:7113: g++ -V >&5
g++-4.2: argument to `-V' is missing
configure:7124: $? = 1
configure:7113: g++ -qversion >&5
i686-apple-darwin10-g++-4.2.1: no input files
configure:7124: $? = 1
configure:7128: checking whether we are using the GNU C++ compiler
configure:7147: g++ -c -Wall -Wno-unused  -O3 -pipe -funroll-loops -O3 -pipe -funroll-loops    conftest.cpp >&5
configure:7147: $? = 0
configure:7156: result: yes
configure:7165: checking whether g++ accepts -g
configure:7185: g++ -c -g  conftest.cpp >&5
configure:7185: $? = 0
configure:7226: result: yes
configure:7251: checking dependency style of g++
configure:7361: result: gcc3
configure:7381: checking how to run the C preprocessor
configure:7412: gcc -E  conftest.c
configure:7412: $? = 0
configure:7426: gcc -E  conftest.c
conftest.c:21:28: error: ac_nonexistent.h: No such file or directory
configure:7426: $? = 1
configure: failed program was:
| /* confdefs.h */
| #define PACKAGE_NAME ""
| #define PACKAGE_TARNAME ""
| #define PACKAGE_VERSION ""
| #define PACKAGE_STRING ""
| #define PACKAGE_BUGREPORT ""
| #define PACKAGE_URL ""
| #define PACKAGE "oopic"
| #define VERSION "2.6"
| #define HOSTTYPE "i686-apple-darwin10.8.0"
| #define HAVE_HDF5 /**/
| #define NEW_H5S_SELECT_HYPERSLAB_IFC /**/
| #define TIME_WITH_SYS_TIME 1
| #define CXX "g++"
| #define CXX_VERSION "4.2.1"
| #define CXX_OPTIFLAGS "-O3 -pipe -funroll-loops"
| #define CXX_SHAREDLIBFLAGS "-dynamiclib"
| #define TOP_BUILDDIR "/Users/swissel/pic/xoopic/xoopic"
| #define TOP_SRCDIR "/Users/swissel/pic/xoopic/xoopic"
| /* end confdefs.h.  */
| #include <ac_nonexistent.h>
configure:7451: result: gcc -E
configure:7471: gcc -E  conftest.c
configure:7471: $? = 0
configure:7485: gcc -E  conftest.c
conftest.c:21:28: error: ac_nonexistent.h: No such file or directory
configure:7485: $? = 1
configure: failed program was:
| /* confdefs.h */
| #define PACKAGE_NAME ""
| #define PACKAGE_TARNAME ""
| #define PACKAGE_VERSION ""
| #define PACKAGE_STRING ""
| #define PACKAGE_BUGREPORT ""
| #define PACKAGE_URL ""
| #define PACKAGE "oopic"
| #define VERSION "2.6"
| #define HOSTTYPE "i686-apple-darwin10.8.0"
| #define HAVE_HDF5 /**/
| #define NEW_H5S_SELECT_HYPERSLAB_IFC /**/
| #define TIME_WITH_SYS_TIME 1
| #define CXX "g++"
| #define CXX_VERSION "4.2.1"
| #define CXX_OPTIFLAGS "-O3 -pipe -funroll-loops"
| #define CXX_SHAREDLIBFLAGS "-dynamiclib"
| #define TOP_BUILDDIR "/Users/swissel/pic/xoopic/xoopic"
| #define TOP_SRCDIR "/Users/swissel/pic/xoopic/xoopic"
| /* end confdefs.h.  */
| #include <ac_nonexistent.h>
configure:7518: checking how to run the C++ preprocessor
configure:7545: g++ -E  conftest.cpp
configure:7545: $? = 0
configure:7559: g++ -E  conftest.cpp
conftest.cpp:21:28: error: ac_nonexistent.h: No such file or directory
configure:7559: $? = 1
configure: failed program was:
| /* confdefs.h */
| #define PACKAGE_NAME ""
| #define PACKAGE_TARNAME ""
| #define PACKAGE_VERSION ""
| #define PACKAGE_STRING ""
| #define PACKAGE_BUGREPORT ""
| #define PACKAGE_URL ""
| #define PACKAGE "oopic"
| #define VERSION "2.6"
| #define HOSTTYPE "i686-apple-darwin10.8.0"
| #define HAVE_HDF5 /**/
| #define NEW_H5S_SELECT_HYPERSLAB_IFC /**/
| #define TIME_WITH_SYS_TIME 1
| #define CXX "g++"
| #define CXX_VERSION "4.2.1"
| #define CXX_OPTIFLAGS "-O3 -pipe -funroll-loops"
| #define CXX_SHAREDLIBFLAGS "-dynamiclib"
| #define TOP_BUILDDIR "/Users/swissel/pic/xoopic/xoopic"
| #define TOP_SRCDIR "/Users/swissel/pic/xoopic/xoopic"
| /* end confdefs.h.  */
| #include <ac_nonexistent.h>
configure:7584: result: g++ -E
configure:7604: g++ -E  conftest.cpp
configure:7604: $? = 0
configure:7618: g++ -E  conftest.cpp
conftest.cpp:21:28: error: ac_nonexistent.h: No such file or directory
configure:7618: $? = 1
configure: failed program was:
| /* confdefs.h */
| #define PACKAGE_NAME ""
| #define PACKAGE_TARNAME ""
| #define PACKAGE_VERSION ""
| #define PACKAGE_STRING ""
| #define PACKAGE_BUGREPORT ""
| #define PACKAGE_URL ""
| #define PACKAGE "oopic"
| #define VERSION "2.6"
| #define HOSTTYPE "i686-apple-darwin10.8.0"
| #define HAVE_HDF5 /**/
| #define NEW_H5S_SELECT_HYPERSLAB_IFC /**/
| #define TIME_WITH_SYS_TIME 1
| #define CXX "g++"
| #define CXX_VERSION "4.2.1"
| #define CXX_OPTIFLAGS "-O3 -pipe -funroll-loops"
| #define CXX_SHAREDLIBFLAGS "-dynamiclib"
| #define TOP_BUILDDIR "/Users/swissel/pic/xoopic/xoopic"
| #define TOP_SRCDIR "/Users/swissel/pic/xoopic/xoopic"
| /* end confdefs.h.  */
| #include <ac_nonexistent.h>
configure:7657: checking for grep that handles long lines and -e
configure:7715: result: /usr/bin/grep
configure:7720: checking for egrep
configure:7782: result: /usr/bin/grep -E
configure:7787: checking for ANSI C header files
configure:7807: g++ -c -Wall -Wno-unused  -O3 -pipe -funroll-loops -O3 -pipe -funroll-loops    conftest.cpp >&5
configure:7807: $? = 0
configure:7880: g++ -o conftest -Wall -Wno-unused  -O3 -pipe -funroll-loops -O3 -pipe -funroll-loops      conftest.cpp  >&5
configure:7880: $? = 0
configure:7880: ./conftest
configure:7880: $? = 0
configure:7891: result: yes
configure:7904: checking for sys/types.h
configure:7904: g++ -c -Wall -Wno-unused  -O3 -pipe -funroll-loops -O3 -pipe -funroll-loops    conftest.cpp >&5
configure:7904: $? = 0
configure:7904: result: yes
configure:7904: checking for sys/stat.h
configure:7904: g++ -c -Wall -Wno-unused  -O3 -pipe -funroll-loops -O3 -pipe -funroll-loops    conftest.cpp >&5
configure:7904: $? = 0
configure:7904: result: yes
configure:7904: checking for stdlib.h
configure:7904: g++ -c -Wall -Wno-unused  -O3 -pipe -funroll-loops -O3 -pipe -funroll-loops    conftest.cpp >&5
configure:7904: $? = 0
configure:7904: result: yes
configure:7904: checking for string.h
configure:7904: g++ -c -Wall -Wno-unused  -O3 -pipe -funroll-loops -O3 -pipe -funroll-loops    conftest.cpp >&5
configure:7904: $? = 0
configure:7904: result: yes
configure:7904: checking for memory.h
configure:7904: g++ -c -Wall -Wno-unused  -O3 -pipe -funroll-loops -O3 -pipe -funroll-loops    conftest.cpp >&5
configure:7904: $? = 0
configure:7904: result: yes
configure:7904: checking for strings.h
configure:7904: g++ -c -Wall -Wno-unused  -O3 -pipe -funroll-loops -O3 -pipe -funroll-loops    conftest.cpp >&5
configure:7904: $? = 0
configure:7904: result: yes
configure:7904: checking for inttypes.h
configure:7904: g++ -c -Wall -Wno-unused  -O3 -pipe -funroll-loops -O3 -pipe -funroll-loops    conftest.cpp >&5
configure:7904: $? = 0
configure:7904: result: yes
configure:7904: checking for stdint.h
configure:7904: g++ -c -Wall -Wno-unused  -O3 -pipe -funroll-loops -O3 -pipe -funroll-loops    conftest.cpp >&5
configure:7904: $? = 0
configure:7904: result: yes
configure:7904: checking for unistd.h
configure:7904: g++ -c -Wall -Wno-unused  -O3 -pipe -funroll-loops -O3 -pipe -funroll-loops    conftest.cpp >&5
configure:7904: $? = 0
configure:7904: result: yes
configure:7920: checking iostream usability
configure:7920: g++ -c -Wall -Wno-unused  -O3 -pipe -funroll-loops -O3 -pipe -funroll-loops    conftest.cpp >&5
configure:7920: $? = 0
configure:7920: result: yes
configure:7920: checking iostream presence
configure:7920: g++ -E  conftest.cpp
configure:7920: $? = 0
configure:7920: result: yes
configure:7920: checking for iostream
configure:7920: result: yes
configure:7920: checking strstream usability
configure:7920: g++ -c -Wall -Wno-unused  -O3 -pipe -funroll-loops -O3 -pipe -funroll-loops    conftest.cpp >&5
In file included from /usr/include/c++/4.2.1/backward/strstream:51,
                 from conftest.cpp:65:
/usr/include/c++/4.2.1/backward/backward_warning.h:32:2: warning: #warning This file includes at least one deprecated or antiquated header. Please consider using one of the 32 headers found in section 17.4.1.2 of the C++ standard. Examples include substituting the <X> header for the <X.h> header for C++ includes, or <iostream> instead of the deprecated header <iostream.h>. To disable this warning use -Wno-deprecated.
configure:7920: $? = 0
configure:7920: result: yes
configure:7920: checking strstream presence
configure:7920: g++ -E  conftest.cpp
In file included from /usr/include/c++/4.2.1/backward/strstream:51,
                 from conftest.cpp:32:
/usr/include/c++/4.2.1/backward/backward_warning.h:32:2: warning: #warning This file includes at least one deprecated or antiquated header. Please consider using one of the 32 headers found in section 17.4.1.2 of the C++ standard. Examples include substituting the <X> header for the <X.h> header for C++ includes, or <iostream> instead of the deprecated header <iostream.h>. To disable this warning use -Wno-deprecated.
configure:7920: $? = 0
configure:7920: result: yes
configure:7920: checking for strstream
configure:7920: result: yes
configure:7920: checking fstream usability
configure:7920: g++ -c -Wall -Wno-unused  -O3 -pipe -funroll-loops -O3 -pipe -funroll-loops    conftest.cpp >&5
configure:7920: $? = 0
configure:7920: result: yes
configure:7920: checking fstream presence
configure:7920: g++ -E  conftest.cpp
configure:7920: $? = 0
configure:7920: result: yes
configure:7920: checking for fstream
configure:7920: result: yes
configure:7920: checking sstream usability
configure:7920: g++ -c -Wall -Wno-unused  -O3 -pipe -funroll-loops -O3 -pipe -funroll-loops    conftest.cpp >&5
configure:7920: $? = 0
configure:7920: result: yes
configure:7920: checking sstream presence
configure:7920: g++ -E  conftest.cpp
configure:7920: $? = 0
configure:7920: result: yes
configure:7920: checking for sstream
configure:7920: result: yes
configure:7939: checking for size_t
configure:7939: gcc -c -Wall -Wno-unused -Wno-uninitialized      conftest.c >&5
configure:7939: $? = 0
configure:7939: gcc -c -Wall -Wno-unused -Wno-uninitialized      conftest.c >&5
conftest.c: In function 'main':
conftest.c:71: error: expected expression before ')' token
configure:7939: $? = 1
configure: failed program was:
| /* confdefs.h */
| #define PACKAGE_NAME ""
| #define PACKAGE_TARNAME ""
| #define PACKAGE_VERSION ""
| #define PACKAGE_STRING ""
| #define PACKAGE_BUGREPORT ""
| #define PACKAGE_URL ""
| #define PACKAGE "oopic"
| #define VERSION "2.6"
| #define HOSTTYPE "i686-apple-darwin10.8.0"
| #define HAVE_HDF5 /**/
| #define NEW_H5S_SELECT_HYPERSLAB_IFC /**/
| #define TIME_WITH_SYS_TIME 1
| #define CXX "g++"
| #define CXX_VERSION "4.2.1"
| #define CXX_OPTIFLAGS "-O3 -pipe -funroll-loops"
| #define CXX_SHAREDLIBFLAGS "-dynamiclib"
| #define TOP_BUILDDIR "/Users/swissel/pic/xoopic/xoopic"
| #define TOP_SRCDIR "/Users/swissel/pic/xoopic/xoopic"
| #define STDC_HEADERS 1
| #define HAVE_SYS_TYPES_H 1
| #define HAVE_SYS_STAT_H 1
| #define HAVE_STDLIB_H 1
| #define HAVE_STRING_H 1
| #define HAVE_MEMORY_H 1
| #define HAVE_STRINGS_H 1
| #define HAVE_INTTYPES_H 1
| #define HAVE_STDINT_H 1
| #define HAVE_UNISTD_H 1
| #define HAVE_IOSTREAM 1
| #define HAVE_STRSTREAM 1
| #define HAVE_FSTREAM 1
| #define HAVE_SSTREAM 1
| /* end confdefs.h.  */
| #include <stdio.h>
| #ifdef HAVE_SYS_TYPES_H
| # include <sys/types.h>
| #endif
| #ifdef HAVE_SYS_STAT_H
| # include <sys/stat.h>
| #endif
| #ifdef STDC_HEADERS
| # include <stdlib.h>
| # include <stddef.h>
| #else
| # ifdef HAVE_STDLIB_H
| #  include <stdlib.h>
| # endif
| #endif
| #ifdef HAVE_STRING_H
| # if !defined STDC_HEADERS && defined HAVE_MEMORY_H
| #  include <memory.h>
| # endif
| # include <string.h>
| #endif
| #ifdef HAVE_STRINGS_H
| # include <strings.h>
| #endif
| #ifdef HAVE_INTTYPES_H
| # include <inttypes.h>
| #endif
| #ifdef HAVE_STDINT_H
| # include <stdint.h>
| #endif
| #ifdef HAVE_UNISTD_H
| # include <unistd.h>
| #endif
| int
| main ()
| {
| if (sizeof ((size_t)))
| 	    return 0;
|   ;
|   return 0;
| }
configure:7939: result: yes
configure:7950: checking whether struct tm is in sys/time.h or time.h
configure:7970: gcc -c -Wall -Wno-unused -Wno-uninitialized      conftest.c >&5
configure:7970: $? = 0
configure:7977: result: time.h
configure:7996: checking whether c++ compiler supports exception handling
configure:8017: g++ -c -Wall -Wno-unused  -O3 -pipe -funroll-loops -O3 -pipe -funroll-loops    conftest.cpp >&5
configure:8020: $? = 0
configure:8038: result: yes
configure:8048: checking whether c++ compiler supports typename
configure:8070: g++ -c -Wall -Wno-unused  -O3 -pipe -funroll-loops -O3 -pipe -funroll-loops    conftest.cpp >&5
configure:8073: $? = 0
configure:8091: result: yes
configure:8101: checking whether c++ compiler can explicitly instantiate templates
configure:8121: g++ -c -Wall -Wno-unused  -O3 -pipe -funroll-loops -O3 -pipe -funroll-loops    conftest.cpp >&5
configure:8124: $? = 0
configure:8142: result: yes
configure:8152: checking whether c++ compiler supports RTTI
configure:8174: g++ -c -Wall -Wno-unused  -O3 -pipe -funroll-loops -O3 -pipe -funroll-loops    conftest.cpp >&5
configure:8177: $? = 0
configure:8195: result: yes
configure:8206: checking whether c++ compiler supports namespaces
configure:8226: g++ -c -Wall -Wno-unused  -O3 -pipe -funroll-loops -O3 -pipe -funroll-loops    conftest.cpp >&5
configure:8229: $? = 0
configure:8247: result: yes
configure:8260: checking whether c++ compiler has complex in the namespace std
configure:8281: g++ -c -Wall -Wno-unused  -O3 -pipe -funroll-loops -O3 -pipe -funroll-loops    conftest.cpp >&5
configure:8284: $? = 0
configure:8302: result: yes
configure:8316: checking whether c++ compiler has streams in the namespace std
configure:8339: g++ -c -Wall -Wno-unused  -O3 -pipe -funroll-loops -O3 -pipe -funroll-loops    conftest.cpp >&5
configure:8342: $? = 0
configure:8368: result: yes
configure:8382: checking whether c++ compiler can overload const type conversions
configure:8406: g++ -c -Wall -Wno-unused  -O3 -pipe -funroll-loops -O3 -pipe -funroll-loops    conftest.cpp >&5
configure:8409: $? = 0
configure:8433: g++ -c -Wall -Wno-unused  -O3 -pipe -funroll-loops -O3 -pipe -funroll-loops    conftest.cpp >&5
configure:8436: $? = 0
configure:8455: result: yes
configure:8466: checking whether c++ compiler knows mutable
configure:8486: g++ -c -Wall -Wno-unused  -O3 -pipe -funroll-loops -O3 -pipe -funroll-loops    conftest.cpp >&5
configure:8489: $? = 0
configure:8507: result: yes
configure:8518: checking whether template friends need brackets
configure:8540: g++ -c -Wall -Wno-unused  -O3 -pipe -funroll-loops -O3 -pipe -funroll-loops    conftest.cpp >&5
configure:8543: $? = 0
configure:8561: result: yes
configure:8572: checking whether nontype template operators are allowed
configure:8596: g++ -c -Wall -Wno-unused  -O3 -pipe -funroll-loops -O3 -pipe -funroll-loops    conftest.cpp >&5
configure:8588: error: declaration of 'operator<<' as non-function
configure:8588: error: expected ';' before '<' token
configure:8599: $? = 1
configure:8617: result: no
configure:8628: checking whether static variables can be declared generally
configure:8704: g++ -o conftest -Wall -Wno-unused  -O3 -pipe -funroll-loops -O3 -pipe -funroll-loops      conftest.cpp  >&5
configure:8704: $? = 0
configure:8718: result: yes
configure:9334: checking whether make sets $(MAKE)
configure:9356: result: yes
configure:9366: checking whether ln -s works
configure:9370: result: yes
configure:9420: checking for ranlib
configure:9436: found /usr/bin/ranlib
configure:9447: result: ranlib
configure:9471: checking what the library suffix is
configure:9478: result: .a
configure:9482: checking how to install libraries
configure:9496: result: with ${INSTALL} -m 644
configure:9519: WARNING: x11.m4 is obsolete.  Please use AC_PATH_X or AC_PATH_XTRA.
configure:9538: checking for X11/Xlib.h
configure:9556: found /usr/X11R6/include/X11/Xlib.h
configure:9568: result: /usr/X11R6/include/X11/Xlib.h
configure:9609: checking for libX11.a
configure:9642: result: no
configure:9609: checking for libX11.dylib
configure:9627: found /usr/X11R6/lib/libX11.dylib
configure:9639: result: /usr/X11R6/lib/libX11.dylib
configure:9684: checking for libXpm.a
configure:9718: result: no
configure:9684: checking for libXpm.dylib
configure:9703: found /usr/X11R6/lib/libXpm.dylib
configure:9715: result: /usr/X11R6/lib/libXpm.dylib
configure:9926: error: Cannot find the XGRAFIX include file: xgrafix.h

## ---------------- ##
## Cache variables. ##
## ---------------- ##

ac_cv_build=i686-apple-darwin10.8.0
ac_cv_c_compiler_gnu=yes
ac_cv_const_type_conversion_overload=yes
ac_cv_cxx_compiler_gnu=yes
ac_cv_env_CCC_set=
ac_cv_env_CCC_value=
ac_cv_env_CC_set=
ac_cv_env_CC_value=
ac_cv_env_CFLAGS_set=
ac_cv_env_CFLAGS_value=
ac_cv_env_CPPFLAGS_set=
ac_cv_env_CPPFLAGS_value=
ac_cv_env_CPP_set=
ac_cv_env_CPP_value=
ac_cv_env_CXXCPP_set=
ac_cv_env_CXXCPP_value=
ac_cv_env_CXXFLAGS_set=
ac_cv_env_CXXFLAGS_value=
ac_cv_env_CXX_set=
ac_cv_env_CXX_value=
ac_cv_env_LDFLAGS_set=
ac_cv_env_LDFLAGS_value=
ac_cv_env_LIBS_set=
ac_cv_env_LIBS_value=
ac_cv_env_build_alias_set=
ac_cv_env_build_alias_value=
ac_cv_env_host_alias_set=
ac_cv_env_host_alias_value=
ac_cv_env_target_alias_set=
ac_cv_env_target_alias_value=
ac_cv_exception_handling=yes
ac_cv_explicit_templates=yes
ac_cv_generally_declared_statics=yes
ac_cv_have_hdf5=yes
ac_cv_header_fstream=yes
ac_cv_header_inttypes_h=yes
ac_cv_header_iostream=yes
ac_cv_header_memory_h=yes
ac_cv_header_sstream=yes
ac_cv_header_stdc=yes
ac_cv_header_stdint_h=yes
ac_cv_header_stdlib_h=yes
ac_cv_header_string_h=yes
ac_cv_header_strings_h=yes
ac_cv_header_strstream=yes
ac_cv_header_sys_stat_h=yes
ac_cv_header_sys_types_h=yes
ac_cv_header_time=yes
ac_cv_header_unistd_h=yes
ac_cv_host=i686-apple-darwin10.8.0
ac_cv_mutable=yes
ac_cv_namespaces=yes
ac_cv_nontype_template_operators=no
ac_cv_objext=o
ac_cv_path_ABSCC=/usr/bin/gcc
ac_cv_path_ABSCXX=/usr/bin/g++
ac_cv_path_ABS_X11LIB_PATH=/usr/X11R6/lib/libX11.dylib
ac_cv_path_ABS_XLIB_H_PATH=/usr/X11R6/include/X11/Xlib.h
ac_cv_path_EGREP='/usr/bin/grep -E'
ac_cv_path_GREP=/usr/bin/grep
ac_cv_path_H5DIFF=/usr/local/bin/h5diff
ac_cv_path_XPM_LIBDIR_PATH=/usr/X11R6/lib/libXpm.dylib
ac_cv_path_install='/opt/local/bin/ginstall -c'
ac_cv_path_mkdir=/opt/local/bin/gmkdir
ac_cv_prog_AWK=awk
ac_cv_prog_CPP='gcc -E'
ac_cv_prog_CXXCPP='g++ -E'
ac_cv_prog_ac_ct_CC=gcc
ac_cv_prog_ac_ct_RANLIB=ranlib
ac_cv_prog_cc_c89=
ac_cv_prog_cc_g=yes
ac_cv_prog_cxx_g=yes
ac_cv_prog_make_make_set=yes
ac_cv_rtti=yes
ac_cv_search_strerror='none required'
ac_cv_std_complex=yes
ac_cv_std_streams=yes
ac_cv_struct_tm=time.h
ac_cv_template_friends_need_brackets=yes
ac_cv_type_size_t=yes
ac_cv_typename=yes
am_cv_CC_dependencies_compiler_type=gcc3
am_cv_CXX_dependencies_compiler_type=gcc3

## ----------------- ##
## Output variables. ##
## ----------------- ##

ABSCC='/usr/bin/gcc'
ABSCXX='/usr/bin/g++'
ABSMPICC=''
ABSMPICXX=''
ABSMPIF77=''
ABSMPIF90=''
ABS_X11LIB_PATH='/usr/X11R6/lib/libX11.dylib'
ABS_XLIB_H_PATH='/usr/X11R6/include/X11/Xlib.h'
ACLOCAL='${SHELL} /Users/swissel/pic/xoopic/xoopic/config/missing --run aclocal-1.11'
AMDEPBACKSLASH='\'
AMDEP_FALSE='#'
AMDEP_TRUE=''
AMTAR='tar'
AR='ar cr'
ARFLAGS=' '
AR_FLAGS=' '
AUTOCONF='${SHELL} /Users/swissel/pic/xoopic/xoopic/config/missing --run autoconf'
AUTOHEADER='${SHELL} /Users/swissel/pic/xoopic/xoopic/config/missing --run autoheader'
AUTOMAKE='/Users/swissel/pic/xoopic/xoopic/config/automake.sh'
AWK='awk'
CC='gcc'
CCDEPMODE='depmode=gcc3'
CFLAGS='-Wall -Wno-unused -Wno-uninitialized    '
CMODULELIBS=''
COMPDIR='gcc4'
CPP='gcc -E'
CPPFLAGS=''
CRAY_INSTANTIATE=''
CXX='g++'
CXXCOMP='g++'
CXXCPP='g++ -E'
CXXDEP='g++ -M >depend.u'
CXXDEPFLAGS='-M'
CXXDEPMODE='depmode=gcc3'
CXXFLAGS='-Wall -Wno-unused  -O3 -pipe -funroll-loops -O3 -pipe -funroll-loops  '
CXXMODULELIBS=''
CXX_FLAGS=''
CXX_LIBDIR='/Users/swissel/pic/xoopic/xoopic'
CXX_LIBFLAG='-L/Users/swissel/pic/xoopic/xoopic'
CXX_LTLIBFLAG='-rpath /Users/swissel/pic/xoopic/xoopic'
CXX_OPTIFLAGS='-O3 -pipe -funroll-loops'
CXX_PIC_FLAG='-fPIC'
CXX_REPOSITORY=''
CYGPATH_W='echo'
C_FLAGS=''
C_OPTIFLAGS=''
C_PIC_FLAG='-fPIC'
DB_LIB='-ldb'
DEFINE_MPI=''
DEFINE_MPI_DEBUG=''
DEFINE_NOX=''
DEFINE_SCALAR=''
DEFS=''
DEPDIR='.deps'
DFFTW_H=''
DFFTW_INC=''
DFFTW_INCDIR=''
DFFTW_LIB=''
DFFTW_LIBDIR=''
DYNLINK_LIB='-ldl'
ECHO_C='\c'
ECHO_N=''
ECHO_T=''
EGREP='/usr/bin/grep -E'
EXEEXT=''
FFTW_INC=''
FFTW_INCDIR=''
FFTW_LIB=''
GPFS_LIB=''
GREP='/usr/bin/grep'
H5DIFF='/usr/local/bin/h5diff'
HAVE_BUNDLES='true'
HDF5_DIR='/usr/local'
HDF5_H='/usr/local/include/hdf5.h'
HDF5_INC='-I/usr/local/include'
HDF5_INCDIR='/usr/local/include'
HDF5_INCDIR_SERIAL='/usr/local/include'
HDF5_INCLUDES=''
HDF5_LIB=''
HDF5_LIBDIR='/usr/local/lib'
HDF5_LIBDIR_SERIAL='/usr/local/lib'
HDF5_LIBS='-L/usr/local/lib $(RPATH_FLAG)/usr/local/lib -lhdf5 '
HDF5_LIBS_SERIAL='-L/usr/local/lib $(RPATH_FLAG)/usr/local/lib -lhdf5'
INSTALL_DATA='${INSTALL} -m 644'
INSTALL_LIBRARY='${INSTALL} -m 644'
INSTALL_PROGRAM='${INSTALL}'
INSTALL_SCRIPT='${INSTALL}'
INSTALL_STRIP_PROGRAM='$(install_sh) -c -s'
LDFLAGS=' '
LDWITHMODULE='g++ '
LDWITHMODULE_FLAGS=''
LIBDFFTW_A=''
LIBEXT='.a'
LIBHDF5='/usr/local/lib/libhdf5.a'
LIBOBJS=''
LIBS=''
LIBSFFTW_A=''
LINKCMODULE='gcc -shared '
LINKCMODULE_FLAGS='-shared '
LINKCXXMODULE='g++ -shared '
LINKCXXMODULE_FLAGS='-shared '
LINK_DYNAMIC='-Wl,-dynamic'
LINK_STATIC='-Wl,-static'
LN_S='ln -s'
LTLIBOBJS=''
MAINT='#'
MAINTAINER_MODE_FALSE=''
MAINTAINER_MODE_TRUE='#'
MAKEINFO='${SHELL} /Users/swissel/pic/xoopic/xoopic/config/missing --run makeinfo'
MKDIR_P='/opt/local/bin/gmkdir -p'
MPICC=''
MPICXX=''
MPIF77=''
MPIF90=''
MPI_INCDIR=''
MPI_LIBDIR=''
MPI_RUNLIBFLAG=''
NET_LIBS=''
OBJEXT='o'
OOPIC_TOP_SRCDIR='/Users/swissel/pic/xoopic/xoopic'
PACKAGE='oopic'
PACKAGE_BUGREPORT=''
PACKAGE_NAME=''
PACKAGE_STRING=''
PACKAGE_TARNAME=''
PACKAGE_URL=''
PACKAGE_VERSION=''
PATH_SEPARATOR=':'
PIC_FLAG='-fpic'
PURIFY_DEFINE=''
PURIFY_PATH=''
RANLIB='ranlib'
RPATH_FLAG='-L'
SERIALCC='gcc'
SERIALCXX='g++'
SET_MAKE=''
SFFTW_H=''
SFFTW_INC=''
SFFTW_INCDIR=''
SFFTW_LIB=''
SFFTW_LIBDIR=''
SHELL='/bin/sh'
SO='.dylib'
STRIP=''
TCL_INCDIR=''
TCL_LIB=''
TCL_LIBDIR_PATH=''
THREAD_LIB='-lpthread'
TK_INCDIR=''
TK_LIBDIR_PATH=''
VERSION='2.6'
X11_INCDIR='/usr/X11R6/include'
X11_LIB='-lX11'
X11_LIBDIR='/usr/X11R6/lib'
X11_LIBS=''
XGRAFIX_INCLUDE='/u/jblumenk/myoopic/xoopic2/include'
XGRAFIX_INCLUDE_PATH=''
XGRAFIX_LIB='libXGC250.a'
XGRAFIX_LIBDIR='/u/jblumenk/myoopic/xoopic2/lib'
XGRAFIX_LIBDIR_PATH=''
XGRAFIX_SCALAR_FILE=''
XPM_LIB='-lXpm'
XPM_LIBDIR='/usr/X11R6/lib'
XPM_LIBDIR_PATH='/usr/X11R6/lib/libXpm.dylib'
XT_LIB='-lXt'
ZLIB_DIR=''
Z_LIBDIR=''
abs_top_builddir='/Users/swissel/pic/xoopic/xoopic'
ac_ct_CC='gcc'
ac_ct_CXX=''
am__EXEEXT_FALSE=''
am__EXEEXT_TRUE=''
am__fastdepCC_FALSE='#'
am__fastdepCC_TRUE=''
am__fastdepCXX_FALSE='#'
am__fastdepCXX_TRUE=''
am__include='include'
am__isrc=''
am__leading_dot='.'
am__quote=''
am__tar='${AMTAR} chof - "$$tardir"'
am__untar='${AMTAR} xf -'
bindir='${exec_prefix}/bin'
build='i686-apple-darwin10.8.0'
build_alias=''
build_cpu='i686'
build_os='darwin10.8.0'
build_vendor='apple'
datadir='${datarootdir}'
datarootdir='${prefix}/share'
docdir='${datarootdir}/doc/${PACKAGE}'
dvidir='${docdir}'
exec_prefix='NONE'
host='i686-apple-darwin10.8.0'
host_alias=''
host_cpu='i686'
host_os='darwin10.8.0'
host_vendor='apple'
htmldir='${docdir}'
includedir='${prefix}/include'
infodir='${datarootdir}/info'
install_sh='${SHELL} /Users/swissel/pic/xoopic/xoopic/config/install-sh'
libdir='${exec_prefix}/lib'
libexecdir='${exec_prefix}/libexec'
localedir='${datarootdir}/locale'
localstatedir='${prefix}/var'
mandir='${datarootdir}/man'
mkdir_p='/opt/local/bin/gmkdir -p'
oldincludedir='/usr/include'
pdfdir='${docdir}'
prefix='/u/jblumenk/myoopic/xoopic2'
program_transform_name='s,x,x,'
psdir='${docdir}'
sbindir='${exec_prefix}/sbin'
sharedstatedir='${prefix}/com'
sysconfdir='${prefix}/etc'
target_alias=''
tclconfigsh=''
tclsh=''

## ----------- ##
## confdefs.h. ##
## ----------- ##

/* confdefs.h */
#define PACKAGE_NAME ""
#define PACKAGE_TARNAME ""
#define PACKAGE_VERSION ""
#define PACKAGE_STRING ""
#define PACKAGE_BUGREPORT ""
#define PACKAGE_URL ""
#define PACKAGE "oopic"
#define VERSION "2.6"
#define HOSTTYPE "i686-apple-darwin10.8.0"
#define HAVE_HDF5 /**/
#define NEW_H5S_SELECT_HYPERSLAB_IFC /**/
#define TIME_WITH_SYS_TIME 1
#define CXX "g++"
#define CXX_VERSION "4.2.1"
#define CXX_OPTIFLAGS "-O3 -pipe -funroll-loops"
#define CXX_SHAREDLIBFLAGS "-dynamiclib"
#define TOP_BUILDDIR "/Users/swissel/pic/xoopic/xoopic"
#define TOP_SRCDIR "/Users/swissel/pic/xoopic/xoopic"
#define STDC_HEADERS 1
#define HAVE_SYS_TYPES_H 1
#define HAVE_SYS_STAT_H 1
#define HAVE_STDLIB_H 1
#define HAVE_STRING_H 1
#define HAVE_MEMORY_H 1
#define HAVE_STRINGS_H 1
#define HAVE_INTTYPES_H 1
#define HAVE_STDINT_H 1
#define HAVE_UNISTD_H 1
#define HAVE_IOSTREAM 1
#define HAVE_STRSTREAM 1
#define HAVE_FSTREAM 1
#define HAVE_SSTREAM 1
#define HAVE_NAMESPACES /**/
#define HAVE_STD_COMPLEX 1
#define HAVE_STD_STREAMS 1
#define TEMPLATE_FRIENDS_NEED_BRACKETS 1
#define HAVE_GENERALLY_DECLARED_STATICS 1

configure: exit 1
