This is TeX, Version 3.1415 (C version 6.1) (format=lplain 95.6.25)  22 NOV 1996 16:24
**xgrafix.tex
(xgrafix.tex
LaTeX2e <1994/12/01>
(/usr/local/lib/texmf/tex/latex2e/base/latex209.def
File: latex209.def 1994/11/28 v0.39 Standard LaTeX file

Entering LaTeX 2.09 compatibility mode.
\footheight=\dimen102
\@maxsep=\dimen103
\@dblmaxsep=\dimen104
(/usr/local/lib/texmf/tex/latex2e/base/tracefnt.sty
Package: tracefnt 1994/11/18 v2.3m Standard LaTeX package (font tracing)
\tracingfonts=\count82
LaTeX Info: Redefining \selectfont on input line 101.
)
\symbold=\mathgroup4
\symsans=\mathgroup5
\symtypewriter=\mathgroup6
\symitalic=\mathgroup7
\symsmallcaps=\mathgroup8
\symslanted=\mathgroup9
LaTeX Font Info:    Redeclaring math alphabet \mathbf on input line 200.
LaTeX Font Info:    Redeclaring math alphabet \mathsf on input line 201.
LaTeX Font Info:    Redeclaring math alphabet \mathtt on input line 202.
LaTeX Font Info:    Redeclaring math alphabet \mathit on input line 208.
LaTeX Info: Redefining \em on input line 218.

(/usr/local/lib/texmf/tex/latex2e/base/latexsym.sty
Package: latexsym 1995/03/18 v2.2a Standard LaTeX package (lasy symbols)
\symlasy=\mathgroup10
LaTeX Font Info:    Overwriting symbol font `lasy' in version `bold'
(Font)                  U/lasy/m/n --> U/lasy/b/n on input line 84.
)
LaTeX Font Info:    Redeclaring math delimiter \lgroup on input line 283.
LaTeX Font Info:    Redeclaring math delimiter \rgroup on input line 285.
LaTeX Font Info:    Redeclaring math delimiter \bracevert on input line 287.
)
(/usr/local/lib/texmf/tex/latex2e/base/article.cls
Document Class: article 1994/12/09 v1.2x Standard LaTeX document class
(/usr/local/lib/texmf/tex/latex2e/base/size12.clo
File: size12.clo 1994/12/09 v1.2x Standard LaTeX file (size option)
)
\c@part=\count83
\c@section=\count84
\c@subsection=\count85
\c@subsubsection=\count86
\c@paragraph=\count87
\c@subparagraph=\count88
\c@figure=\count89
\c@table=\count90
\abovecaptionskip=\skip41
\belowcaptionskip=\skip42
Compatibility mode: definition of \rm ignored.
Compatibility mode: definition of \sf ignored.
Compatibility mode: definition of \tt ignored.
Compatibility mode: definition of \bf ignored.
Compatibility mode: definition of \it ignored.
Compatibility mode: definition of \sl ignored.
Compatibility mode: definition of \sc ignored.
LaTeX Info: Redefining \cal on input line 455.
LaTeX Info: Redefining \mit on input line 456.
\bibindent=\dimen105
) (xgrafix.aux)
LaTeX Font Info:    Checking defaults for OML/cmm/m/it on input line 10.
LaTeX Font Info:    ... okay on input line 10.
LaTeX Font Info:    Checking defaults for T1/cmr/m/n on input line 10.
LaTeX Font Info:    ... okay on input line 10.
LaTeX Font Info:    Checking defaults for OT1/cmr/m/n on input line 10.
LaTeX Font Info:    ... okay on input line 10.
LaTeX Font Info:    Checking defaults for OMS/cmsy/m/n on input line 10.
LaTeX Font Info:    ... okay on input line 10.
LaTeX Font Info:    Checking defaults for OMX/cmex/m/n on input line 10.
LaTeX Font Info:    ... okay on input line 10.
LaTeX Font Info:    Checking defaults for U/cmr/m/n on input line 10.
LaTeX Font Info:    ... okay on input line 10.
LaTeX Font Info:    External font `cmex10' loaded for size
(Font)              <12> on input line 55.
LaTeX Font Info:    External font `cmex10' loaded for size
(Font)              <8> on input line 55.
LaTeX Font Info:    External font `cmex10' loaded for size
(Font)              <6> on input line 55.
LaTeX Font Info:    Try loading font information for U+lasy on input line 55.

(/usr/local/lib/texmf/tex/latex2e/base/Ulasy.fd
File: Ulasy.fd 1994/09/25 v2.1fLaTeX symbol font definitions
) [1

] [2] [3] [4] [5] [6]
[7] [8] [9] [10] [11] [12] [13] [14]
Overfull \hbox (6.362pt too wide) in paragraph at lines 548--554
[]\OT1/cmr/m/n/12 These func-tions are iden-ti-cal to $\OML/cmm/m/it/12 XGSet\O
T1/cmr/m/n/12 2\OML/cmm/m/it/12 D$ \OT1/cmr/m/n/12 (), $\OML/cmm/m/it/12 XGSetV
ec$ \OT1/cmr/m/n/12 (), $\OML/cmm/m/it/12 XGSet\OT1/cmr/m/n/12 3\OML/cmm/m/it/1
2 D$ \OT1/cmr/m/n/12 () and $\OML/cmm/m/it/12 XGSet\OT1/cmr/m/n/12 2\OML/cmm/m/
it/12 DC$
 []

[15] [16] [17] (xgrafix.aux) ) 
Here is how much of TeX's memory you used:
 378 strings out of 10953
 3871 string characters out of 72769
 51759 words of memory out of 262141
 3242 multiletter control sequences out of 9500
 13292 words of font info for 48 fonts, out of 100000 for 255
 14 hyphenation exceptions out of 607
 23i,5n,21p,232b,184s stack positions out of 300i,40n,60p,3000b,4000s

Output written on xgrafix.dvi (17 pages, 44740 bytes).
