This file contains any messages produced by compilers while
running configure, to aid debugging if configure makes a mistake.

It was created by configure, which was
generated by GNU Autoconf 2.65.  Invocation command line was

  $ ./configure --prefix=/u/jblumenk/myoopic/xoopic2 --with-SCALAR=double --enable-fulloptimize --with-XGRAFIX-lib=/u/jblumenk/myoopic/xoopic2/lib --with-XGRAFIX-include=/u/jblumenk/myoopic/xoopic2/include

## --------- ##
## Platform. ##
## --------- ##

hostname = sunfire05.pppl.gov
uname -m = x86_64
uname -r = 2.6.18-194.17.4.el5
uname -s = Linux
uname -v = #1 SMP Wed Oct 20 13:03:08 EDT 2010

/usr/bin/uname -p = unknown
/bin/uname -X     = unknown

/bin/arch              = x86_64
/usr/bin/arch -k       = unknown
/usr/convex/getsysinfo = unknown
/usr/bin/hostinfo      = unknown
/bin/machine           = unknown
/usr/bin/oslevel       = unknown
/bin/universe          = unknown

PATH: /usr/pppl/ppplcluster/1.1/bin
PATH: /usr/pppl/ppplcluster/1.1/sbin
PATH: /usr/pppl/moab/5.4.0/bin
PATH: /usr/pppl/torque/2.5.2/x86_64/bin
PATH: /usr/pppl/bin
PATH: /usr/kerberos/bin
PATH: /bin
PATH: /usr/bin
PATH: /usr/X11R6/bin
PATH: /usr/pbs/bin
PATH: /usr/lib64


## ----------- ##
## Core tests. ##
## ----------- ##

configure:2286: checking for a BSD-compatible install
configure:2354: result: /usr/bin/install -c
configure:2365: checking whether build environment is sane
configure:2415: result: yes
configure:2556: checking for a thread-safe mkdir -p
configure:2595: result: /bin/mkdir -p
configure:2608: checking for gawk
configure:2624: found /bin/gawk
configure:2635: result: gawk
configure:2646: checking whether make sets $(MAKE)
configure:2668: result: yes
configure:2761: checking whether to enable maintainer-specific portions of Makefiles
configure:2770: result: no
configure:2805: checking build system type
configure:2819: result: x86_64-unknown-linux-gnu
configure:2839: checking host system type
configure:2852: result: x86_64-unknown-linux-gnu
configure:2919: checking for style of include used by make
configure:2947: result: GNU
configure:3017: checking for gcc
configure:3044: result: gcc
configure:3273: checking for C compiler version
configure:3282: gcc --version >&5
gcc (GCC) 4.1.2 20080704 (Red Hat 4.1.2-50)
Copyright (C) 2006 Free Software Foundation, Inc.
This is free software; see the source for copying conditions.  There is NO
warranty; not even for MERCHANTABILITY or FITNESS FOR A PARTICULAR PURPOSE.

configure:3293: $? = 0
configure:3282: gcc -v >&5
Using built-in specs.
Target: x86_64-redhat-linux
Configured with: ../configure --prefix=/usr --mandir=/usr/share/man --infodir=/usr/share/info --enable-shared --enable-threads=posix --enable-checking=release --with-system-zlib --enable-__cxa_atexit --disable-libunwind-exceptions --enable-libgcj-multifile --enable-languages=c,c++,objc,obj-c++,java,fortran,ada --enable-java-awt=gtk --disable-dssi --disable-plugin --with-java-home=/usr/lib/jvm/java-1.4.2-gcj-1.4.2.0/jre --with-cpu=generic --host=x86_64-redhat-linux
Thread model: posix
gcc version 4.1.2 20080704 (Red Hat 4.1.2-50)
configure:3293: $? = 0
configure:3282: gcc -V >&5
gcc: '-V' option must have argument
configure:3293: $? = 1
configure:3282: gcc -qversion >&5
gcc: unrecognized option '-qversion'
gcc: no input files
configure:3293: $? = 1
configure:3313: checking whether the C compiler works
configure:3335: gcc    conftest.c  >&5
configure:3339: $? = 0
configure:3388: result: yes
configure:3391: checking for C compiler default output file name
configure:3393: result: a.out
configure:3399: checking for suffix of executables
configure:3406: gcc -o conftest    conftest.c  >&5
configure:3410: $? = 0
configure:3432: result: 
configure:3454: checking whether we are cross compiling
configure:3462: gcc -o conftest    conftest.c  >&5
configure:3466: $? = 0
configure:3473: ./conftest
configure:3477: $? = 0
configure:3492: result: no
configure:3497: checking for suffix of object files
configure:3519: gcc -c   conftest.c >&5
configure:3523: $? = 0
configure:3544: result: o
configure:3548: checking whether we are using the GNU C compiler
configure:3567: gcc -c   conftest.c >&5
configure:3567: $? = 0
configure:3576: result: yes
configure:3585: checking whether gcc accepts -g
configure:3605: gcc -c -g  conftest.c >&5
configure:3605: $? = 0
configure:3646: result: yes
configure:3663: checking for gcc option to accept ISO C89
configure:3727: gcc  -c -g -O2  conftest.c >&5
configure:3727: $? = 0
configure:3740: result: none needed
configure:3762: checking dependency style of gcc
configure:3872: result: gcc3
configure:3888: checking for library containing strerror
configure:3919: gcc -o conftest -g -O2   conftest.c  >&5
configure:3919: $? = 0
configure:3936: result: none required
configure:3944: checking whether time.h and sys/time.h may both be included
configure:3964: gcc -c -g -O2  conftest.c >&5
configure:3964: $? = 0
configure:3971: result: yes
configure:4042: checking for g++
configure:4060: found /usr/bin/g++
configure:4072: result: /usr/bin/g++
configure:4209: checking g++ version
configure:4230: result: 4.1.2
configure:4307: WARNING: C++ compiler may generate code for this processor only.
configure:4387: checking for -fsquangle
configure:4413: result: no
configure:4800: checking how to build libraries
configure:4805: result: with ar cr  
configure:4826: checking for gcc
configure:4844: found /usr/bin/gcc
configure:4856: result: /usr/bin/gcc
configure:5647: checking for gcc
configure:5674: result: gcc
configure:5903: checking for C compiler version
configure:5912: gcc --version >&5
gcc (GCC) 4.1.2 20080704 (Red Hat 4.1.2-50)
Copyright (C) 2006 Free Software Foundation, Inc.
This is free software; see the source for copying conditions.  There is NO
warranty; not even for MERCHANTABILITY or FITNESS FOR A PARTICULAR PURPOSE.

configure:5923: $? = 0
configure:5912: gcc -v >&5
Using built-in specs.
Target: x86_64-redhat-linux
Configured with: ../configure --prefix=/usr --mandir=/usr/share/man --infodir=/usr/share/info --enable-shared --enable-threads=posix --enable-checking=release --with-system-zlib --enable-__cxa_atexit --disable-libunwind-exceptions --enable-libgcj-multifile --enable-languages=c,c++,objc,obj-c++,java,fortran,ada --enable-java-awt=gtk --disable-dssi --disable-plugin --with-java-home=/usr/lib/jvm/java-1.4.2-gcj-1.4.2.0/jre --with-cpu=generic --host=x86_64-redhat-linux
Thread model: posix
gcc version 4.1.2 20080704 (Red Hat 4.1.2-50)
configure:5923: $? = 0
configure:5912: gcc -V >&5
gcc: '-V' option must have argument
configure:5923: $? = 1
configure:5912: gcc -qversion >&5
gcc: unrecognized option '-qversion'
gcc: no input files
configure:5923: $? = 1
configure:5927: checking whether we are using the GNU C compiler
configure:5955: result: yes
configure:5964: checking whether gcc accepts -g
configure:6025: result: yes
configure:6042: checking for gcc option to accept ISO C89
configure:6119: result: none needed
configure:6141: checking dependency style of gcc
configure:6251: result: gcc3
configure:6378: checking for C++ compiler version
configure:6387: g++ --version >&5
g++ (GCC) 4.1.2 20080704 (Red Hat 4.1.2-46)
Copyright (C) 2006 Free Software Foundation, Inc.
This is free software; see the source for copying conditions.  There is NO
warranty; not even for MERCHANTABILITY or FITNESS FOR A PARTICULAR PURPOSE.

configure:6398: $? = 0
configure:6387: g++ -v >&5
Using built-in specs.
Target: x86_64-redhat-linux
Configured with: ../configure --prefix=/usr --mandir=/usr/share/man --infodir=/usr/share/info --enable-shared --enable-threads=posix --enable-checking=release --with-system-zlib --enable-__cxa_atexit --disable-libunwind-exceptions --enable-libgcj-multifile --enable-languages=c,c++,objc,obj-c++,java,fortran,ada --enable-java-awt=gtk --disable-dssi --enable-plugin --with-java-home=/usr/lib/jvm/java-1.4.2-gcj-1.4.2.0/jre --with-cpu=generic --host=x86_64-redhat-linux
Thread model: posix
gcc version 4.1.2 20080704 (Red Hat 4.1.2-46)
configure:6398: $? = 0
configure:6387: g++ -V >&5
g++: '-V' option must have argument
configure:6398: $? = 1
configure:6387: g++ -qversion >&5
g++: unrecognized option '-qversion'
g++: no input files
configure:6398: $? = 1
configure:6402: checking whether we are using the GNU C++ compiler
configure:6421: g++ -c -Wall -Wno-unused  -O3 -pipe -funroll-loops -O3 -pipe -funroll-loops    conftest.cpp >&5
configure:6421: $? = 0
configure:6430: result: yes
configure:6439: checking whether g++ accepts -g
configure:6459: g++ -c -g  conftest.cpp >&5
configure:6459: $? = 0
configure:6500: result: yes
configure:6525: checking dependency style of g++
configure:6635: result: gcc3
configure:6655: checking how to run the C preprocessor
configure:6686: gcc -E  conftest.c
configure:6686: $? = 0
configure:6700: gcc -E  conftest.c
conftest.c:19:28: error: ac_nonexistent.h: No such file or directory
configure:6700: $? = 1
configure: failed program was:
| /* confdefs.h */
| #define PACKAGE_NAME ""
| #define PACKAGE_TARNAME ""
| #define PACKAGE_VERSION ""
| #define PACKAGE_STRING ""
| #define PACKAGE_BUGREPORT ""
| #define PACKAGE_URL ""
| #define PACKAGE "xgrafix"
| #define VERSION "2.x"
| #define HOSTTYPE "x86_64-unknown-linux-gnu"
| #define TIME_WITH_SYS_TIME 1
| #define CXX "g++"
| #define CXX_VERSION "4.1.2"
| #define CXX_OPTIFLAGS "-O3 -pipe -funroll-loops"
| #define CXX_SHAREDLIBFLAGS "-shared"
| #define TOP_BUILDDIR "/u/jblumenk/myoopic/xoopic2/xgrafix"
| #define TOP_SRCDIR "/u/jblumenk/myoopic/xoopic2/xgrafix"
| /* end confdefs.h.  */
| #include <ac_nonexistent.h>
configure:6725: result: gcc -E
configure:6745: gcc -E  conftest.c
configure:6745: $? = 0
configure:6759: gcc -E  conftest.c
conftest.c:19:28: error: ac_nonexistent.h: No such file or directory
configure:6759: $? = 1
configure: failed program was:
| /* confdefs.h */
| #define PACKAGE_NAME ""
| #define PACKAGE_TARNAME ""
| #define PACKAGE_VERSION ""
| #define PACKAGE_STRING ""
| #define PACKAGE_BUGREPORT ""
| #define PACKAGE_URL ""
| #define PACKAGE "xgrafix"
| #define VERSION "2.x"
| #define HOSTTYPE "x86_64-unknown-linux-gnu"
| #define TIME_WITH_SYS_TIME 1
| #define CXX "g++"
| #define CXX_VERSION "4.1.2"
| #define CXX_OPTIFLAGS "-O3 -pipe -funroll-loops"
| #define CXX_SHAREDLIBFLAGS "-shared"
| #define TOP_BUILDDIR "/u/jblumenk/myoopic/xoopic2/xgrafix"
| #define TOP_SRCDIR "/u/jblumenk/myoopic/xoopic2/xgrafix"
| /* end confdefs.h.  */
| #include <ac_nonexistent.h>
configure:6792: checking how to run the C++ preprocessor
configure:6819: g++ -E  conftest.cpp
configure:6819: $? = 0
configure:6833: g++ -E  conftest.cpp
conftest.cpp:19:28: error: ac_nonexistent.h: No such file or directory
configure:6833: $? = 1
configure: failed program was:
| /* confdefs.h */
| #define PACKAGE_NAME ""
| #define PACKAGE_TARNAME ""
| #define PACKAGE_VERSION ""
| #define PACKAGE_STRING ""
| #define PACKAGE_BUGREPORT ""
| #define PACKAGE_URL ""
| #define PACKAGE "xgrafix"
| #define VERSION "2.x"
| #define HOSTTYPE "x86_64-unknown-linux-gnu"
| #define TIME_WITH_SYS_TIME 1
| #define CXX "g++"
| #define CXX_VERSION "4.1.2"
| #define CXX_OPTIFLAGS "-O3 -pipe -funroll-loops"
| #define CXX_SHAREDLIBFLAGS "-shared"
| #define TOP_BUILDDIR "/u/jblumenk/myoopic/xoopic2/xgrafix"
| #define TOP_SRCDIR "/u/jblumenk/myoopic/xoopic2/xgrafix"
| /* end confdefs.h.  */
| #include <ac_nonexistent.h>
configure:6858: result: g++ -E
configure:6878: g++ -E  conftest.cpp
configure:6878: $? = 0
configure:6892: g++ -E  conftest.cpp
conftest.cpp:19:28: error: ac_nonexistent.h: No such file or directory
configure:6892: $? = 1
configure: failed program was:
| /* confdefs.h */
| #define PACKAGE_NAME ""
| #define PACKAGE_TARNAME ""
| #define PACKAGE_VERSION ""
| #define PACKAGE_STRING ""
| #define PACKAGE_BUGREPORT ""
| #define PACKAGE_URL ""
| #define PACKAGE "xgrafix"
| #define VERSION "2.x"
| #define HOSTTYPE "x86_64-unknown-linux-gnu"
| #define TIME_WITH_SYS_TIME 1
| #define CXX "g++"
| #define CXX_VERSION "4.1.2"
| #define CXX_OPTIFLAGS "-O3 -pipe -funroll-loops"
| #define CXX_SHAREDLIBFLAGS "-shared"
| #define TOP_BUILDDIR "/u/jblumenk/myoopic/xoopic2/xgrafix"
| #define TOP_SRCDIR "/u/jblumenk/myoopic/xoopic2/xgrafix"
| /* end confdefs.h.  */
| #include <ac_nonexistent.h>
configure:6925: checking for grep that handles long lines and -e
configure:6983: result: /bin/grep
configure:6988: checking for egrep
configure:7050: result: /bin/grep -E
configure:7055: checking for ANSI C header files
configure:7075: gcc -c -Wall -Wno-unused -Wno-uninitialized      conftest.c >&5
configure:7075: $? = 0
configure:7148: gcc -o conftest -Wall -Wno-unused -Wno-uninitialized        conftest.c  >&5
configure:7148: $? = 0
configure:7148: ./conftest
configure:7148: $? = 0
configure:7159: result: yes
configure:7172: checking for sys/types.h
configure:7172: gcc -c -Wall -Wno-unused -Wno-uninitialized      conftest.c >&5
configure:7172: $? = 0
configure:7172: result: yes
configure:7172: checking for sys/stat.h
configure:7172: gcc -c -Wall -Wno-unused -Wno-uninitialized      conftest.c >&5
configure:7172: $? = 0
configure:7172: result: yes
configure:7172: checking for stdlib.h
configure:7172: gcc -c -Wall -Wno-unused -Wno-uninitialized      conftest.c >&5
configure:7172: $? = 0
configure:7172: result: yes
configure:7172: checking for string.h
configure:7172: gcc -c -Wall -Wno-unused -Wno-uninitialized      conftest.c >&5
configure:7172: $? = 0
configure:7172: result: yes
configure:7172: checking for memory.h
configure:7172: gcc -c -Wall -Wno-unused -Wno-uninitialized      conftest.c >&5
configure:7172: $? = 0
configure:7172: result: yes
configure:7172: checking for strings.h
configure:7172: gcc -c -Wall -Wno-unused -Wno-uninitialized      conftest.c >&5
configure:7172: $? = 0
configure:7172: result: yes
configure:7172: checking for inttypes.h
configure:7172: gcc -c -Wall -Wno-unused -Wno-uninitialized      conftest.c >&5
configure:7172: $? = 0
configure:7172: result: yes
configure:7172: checking for stdint.h
configure:7172: gcc -c -Wall -Wno-unused -Wno-uninitialized      conftest.c >&5
configure:7172: $? = 0
configure:7172: result: yes
configure:7172: checking for unistd.h
configure:7172: gcc -c -Wall -Wno-unused -Wno-uninitialized      conftest.c >&5
configure:7172: $? = 0
configure:7172: result: yes
configure:7185: checking for size_t
configure:7185: gcc -c -Wall -Wno-unused -Wno-uninitialized      conftest.c >&5
configure:7185: $? = 0
configure:7185: gcc -c -Wall -Wno-unused -Wno-uninitialized      conftest.c >&5
conftest.c: In function 'main':
conftest.c:65: error: expected expression before ')' token
configure:7185: $? = 1
configure: failed program was:
| /* confdefs.h */
| #define PACKAGE_NAME ""
| #define PACKAGE_TARNAME ""
| #define PACKAGE_VERSION ""
| #define PACKAGE_STRING ""
| #define PACKAGE_BUGREPORT ""
| #define PACKAGE_URL ""
| #define PACKAGE "xgrafix"
| #define VERSION "2.x"
| #define HOSTTYPE "x86_64-unknown-linux-gnu"
| #define TIME_WITH_SYS_TIME 1
| #define CXX "g++"
| #define CXX_VERSION "4.1.2"
| #define CXX_OPTIFLAGS "-O3 -pipe -funroll-loops"
| #define CXX_SHAREDLIBFLAGS "-shared"
| #define TOP_BUILDDIR "/u/jblumenk/myoopic/xoopic2/xgrafix"
| #define TOP_SRCDIR "/u/jblumenk/myoopic/xoopic2/xgrafix"
| #define STDC_HEADERS 1
| #define HAVE_SYS_TYPES_H 1
| #define HAVE_SYS_STAT_H 1
| #define HAVE_STDLIB_H 1
| #define HAVE_STRING_H 1
| #define HAVE_MEMORY_H 1
| #define HAVE_STRINGS_H 1
| #define HAVE_INTTYPES_H 1
| #define HAVE_STDINT_H 1
| #define HAVE_UNISTD_H 1
| /* end confdefs.h.  */
| #include <stdio.h>
| #ifdef HAVE_SYS_TYPES_H
| # include <sys/types.h>
| #endif
| #ifdef HAVE_SYS_STAT_H
| # include <sys/stat.h>
| #endif
| #ifdef STDC_HEADERS
| # include <stdlib.h>
| # include <stddef.h>
| #else
| # ifdef HAVE_STDLIB_H
| #  include <stdlib.h>
| # endif
| #endif
| #ifdef HAVE_STRING_H
| # if !defined STDC_HEADERS && defined HAVE_MEMORY_H
| #  include <memory.h>
| # endif
| # include <string.h>
| #endif
| #ifdef HAVE_STRINGS_H
| # include <strings.h>
| #endif
| #ifdef HAVE_INTTYPES_H
| # include <inttypes.h>
| #endif
| #ifdef HAVE_STDINT_H
| # include <stdint.h>
| #endif
| #ifdef HAVE_UNISTD_H
| # include <unistd.h>
| #endif
| int
| main ()
| {
| if (sizeof ((size_t)))
| 	    return 0;
|   ;
|   return 0;
| }
configure:7185: result: yes
configure:7196: checking whether struct tm is in sys/time.h or time.h
configure:7216: gcc -c -Wall -Wno-unused -Wno-uninitialized      conftest.c >&5
configure:7216: $? = 0
configure:7223: result: time.h
configure:7240: checking whether c++ compiler supports exception handling
configure:7261: g++ -c -Wall -Wno-unused  -O3 -pipe -funroll-loops -O3 -pipe -funroll-loops    conftest.cpp >&5
configure:7264: $? = 0
configure:7282: result: yes
configure:7292: checking whether c++ compiler supports typename
configure:7314: g++ -c -Wall -Wno-unused  -O3 -pipe -funroll-loops -O3 -pipe -funroll-loops    conftest.cpp >&5
configure:7317: $? = 0
configure:7335: result: yes
configure:7345: checking whether c++ compiler can explicitly instantiate templates
configure:7365: g++ -c -Wall -Wno-unused  -O3 -pipe -funroll-loops -O3 -pipe -funroll-loops    conftest.cpp >&5
configure:7368: $? = 0
configure:7386: result: yes
configure:7396: checking whether c++ compiler supports RTTI
configure:7418: g++ -c -Wall -Wno-unused  -O3 -pipe -funroll-loops -O3 -pipe -funroll-loops    conftest.cpp >&5
configure:7421: $? = 0
configure:7439: result: yes
configure:7450: checking whether c++ compiler supports namespaces
configure:7470: g++ -c -Wall -Wno-unused  -O3 -pipe -funroll-loops -O3 -pipe -funroll-loops    conftest.cpp >&5
configure:7473: $? = 0
configure:7491: result: yes
configure:7504: checking whether c++ compiler has complex in the namespace std
configure:7525: g++ -c -Wall -Wno-unused  -O3 -pipe -funroll-loops -O3 -pipe -funroll-loops    conftest.cpp >&5
configure:7528: $? = 0
configure:7546: result: yes
configure:7560: checking whether c++ compiler has streams in the namespace std
configure:7583: g++ -c -Wall -Wno-unused  -O3 -pipe -funroll-loops -O3 -pipe -funroll-loops    conftest.cpp >&5
configure:7586: $? = 0
configure:7612: result: yes
configure:7626: checking whether c++ compiler can overload const type conversions
configure:7650: g++ -c -Wall -Wno-unused  -O3 -pipe -funroll-loops -O3 -pipe -funroll-loops    conftest.cpp >&5
configure:7653: $? = 0
configure:7677: g++ -c -Wall -Wno-unused  -O3 -pipe -funroll-loops -O3 -pipe -funroll-loops    conftest.cpp >&5
configure:7680: $? = 0
configure:7699: result: yes
configure:7710: checking whether c++ compiler knows mutable
configure:7730: g++ -c -Wall -Wno-unused  -O3 -pipe -funroll-loops -O3 -pipe -funroll-loops    conftest.cpp >&5
configure:7733: $? = 0
configure:7751: result: yes
configure:7762: checking whether template friends need brackets
configure:7784: g++ -c -Wall -Wno-unused  -O3 -pipe -funroll-loops -O3 -pipe -funroll-loops    conftest.cpp >&5
configure:7787: $? = 0
configure:7805: result: yes
configure:7816: checking whether nontype template operators are allowed
configure:7840: g++ -c -Wall -Wno-unused  -O3 -pipe -funroll-loops -O3 -pipe -funroll-loops    conftest.cpp >&5
configure:7832: error: declaration of 'operator<<' as non-function
configure:7832: error: expected ';' before '<' token
configure:7843: $? = 1
configure:7861: result: no
configure:7872: checking whether static variables can be declared generally
configure:7949: g++ -o conftest -Wall -Wno-unused  -O3 -pipe -funroll-loops -O3 -pipe -funroll-loops      conftest.cpp  >&5
configure:7949: $? = 0
configure:7963: result: yes
configure:8557: WARNING: Fortran libraries will be invalid.
configure:8566: checking whether make sets $(MAKE)
configure:8588: result: yes
configure:8598: checking whether ln -s works
configure:8602: result: yes
configure:8652: checking for ranlib
configure:8668: found /usr/bin/ranlib
configure:8679: result: ranlib
configure:8703: checking what the library suffix is
configure:8710: result: .a
configure:8714: checking how to install libraries
configure:8728: result: with ${INSTALL} -m 644
configure:8733: WARNING: x11.m4 is obsolete.  Please use AC_PATH_X or AC_PATH_XTRA.
configure:8752: checking for X11/Xlib.h
configure:8770: found /usr/include/X11/Xlib.h
configure:8782: result: /usr/include/X11/Xlib.h
configure:8823: checking for libX11.a
configure:8856: result: no
configure:8823: checking for libX11.so
configure:8841: found /usr/lib64/libX11.so
configure:8853: result: /usr/lib64/libX11.so
configure:8897: checking for libXpm.a
configure:8931: result: no
configure:8897: checking for libXpm.so
configure:8916: found /usr/lib64/libXpm.so
configure:8928: result: /usr/lib64/libXpm.so
configure:8994: checking for tclsh
configure:9013: found /usr/bin/tclsh
configure:9025: result: /usr/bin/tclsh
configure:9070: checking for tclConfig.sh
configure:9088: found /usr/lib64/tclConfig.sh
configure:9100: result: /usr/lib64/tclConfig.sh
configure:9128: checking for tkConfig.sh
configure:9149: result: /usr/lib64/tkConfig.sh
configure:9166: checking for libtcl8.4.a
configure:9200: result: no
configure:9214: checking for libtcl8.4.so
configure:9233: found /usr/lib/libtcl8.4.so
configure:9245: result: /usr/lib/libtcl8.4.so
configure:9268: checking for libtk8.4.a
configure:9302: result: no
configure:9316: checking for libtk8.4.so
configure:9335: found /usr/lib/libtk8.4.so
configure:9347: result: /usr/lib/libtk8.4.so
configure:9398: checking for up-to-date Tcl version in tcl.h
configure:9450: result: 8.4
configure:9466: checking for up-to-date Tk version in tk.h
configure:9484: result: 8.4
configure:9514: checking for tcltk define flag
configure:9530: result: -DTcl75_Tk41
configure:9555: checking for convert
configure:9574: found /usr/bin/convert
configure:9586: result: /usr/bin/convert
configure:9616: checking for libpng.a
configure:9634: found /usr/lib64/libpng.a
configure:9646: result: /usr/lib64/libpng.a
configure:9898: creating ./config.status

## ---------------------- ##
## Running config.status. ##
## ---------------------- ##

This file was extended by config.status, which was
generated by GNU Autoconf 2.65.  Invocation command line was

  CONFIG_FILES    = 
  CONFIG_HEADERS  = 
  CONFIG_LINKS    = 
  CONFIG_COMMANDS = 
  $ ./config.status 

on sunfire05.pppl.gov

config.status:972: creating config/Makefile
config.status:972: creating src/Makefile
config.status:972: creating xgmovie/Makefile
config.status:972: creating ctest/Makefile
config.status:972: creating ftest/Makefile
config.status:972: creating Makefile
config.status:972: creating ./config.h
config.status:1192: executing depfiles commands
configure:11211: WARNING: unrecognized options: --with-XGRAFIX-lib, --with-XGRAFIX-include

## ---------------- ##
## Cache variables. ##
## ---------------- ##

ac_cv_build=x86_64-unknown-linux-gnu
ac_cv_c_compiler_gnu=yes
ac_cv_const_type_conversion_overload=yes
ac_cv_cxx_compiler_gnu=yes
ac_cv_env_CCC_set=
ac_cv_env_CCC_value=
ac_cv_env_CC_set=
ac_cv_env_CC_value=
ac_cv_env_CFLAGS_set=
ac_cv_env_CFLAGS_value=
ac_cv_env_CPPFLAGS_set=
ac_cv_env_CPPFLAGS_value=
ac_cv_env_CPP_set=
ac_cv_env_CPP_value=
ac_cv_env_CXXCPP_set=
ac_cv_env_CXXCPP_value=
ac_cv_env_CXXFLAGS_set=
ac_cv_env_CXXFLAGS_value=
ac_cv_env_CXX_set=
ac_cv_env_CXX_value=
ac_cv_env_LDFLAGS_set=
ac_cv_env_LDFLAGS_value=
ac_cv_env_LIBS_set=
ac_cv_env_LIBS_value=
ac_cv_env_build_alias_set=
ac_cv_env_build_alias_value=
ac_cv_env_host_alias_set=
ac_cv_env_host_alias_value=
ac_cv_env_target_alias_set=
ac_cv_env_target_alias_value=
ac_cv_exception_handling=yes
ac_cv_explicit_templates=yes
ac_cv_generally_declared_statics=yes
ac_cv_header_inttypes_h=yes
ac_cv_header_memory_h=yes
ac_cv_header_stdc=yes
ac_cv_header_stdint_h=yes
ac_cv_header_stdlib_h=yes
ac_cv_header_string_h=yes
ac_cv_header_strings_h=yes
ac_cv_header_sys_stat_h=yes
ac_cv_header_sys_types_h=yes
ac_cv_header_time=yes
ac_cv_header_unistd_h=yes
ac_cv_host=x86_64-unknown-linux-gnu
ac_cv_mutable=yes
ac_cv_namespaces=yes
ac_cv_nontype_template_operators=no
ac_cv_objext=o
ac_cv_path_ABSCC=/usr/bin/gcc
ac_cv_path_ABSCXX=/usr/bin/g++
ac_cv_path_ABS_X11LIB_PATH=/usr/lib64/libX11.so
ac_cv_path_ABS_XLIB_H_PATH=/usr/include/X11/Xlib.h
ac_cv_path_CONVERT_PATH=/usr/bin/convert
ac_cv_path_EGREP='/bin/grep -E'
ac_cv_path_GREP=/bin/grep
ac_cv_path_LIBPNG_PATH=/usr/lib64/libpng.a
ac_cv_path_TCL_LIBDIR_PATH=/usr/lib/libtcl8.4.so
ac_cv_path_TK_LIBDIR_PATH=/usr/lib/libtk8.4.so
ac_cv_path_XPM_LIBDIR_PATH=/usr/lib64/libXpm.so
ac_cv_path_install='/usr/bin/install -c'
ac_cv_path_mkdir=/bin/mkdir
ac_cv_path_tclconfigsh=/usr/lib64/tclConfig.sh
ac_cv_path_tclsh=/usr/bin/tclsh
ac_cv_prog_AWK=gawk
ac_cv_prog_CPP='gcc -E'
ac_cv_prog_CXXCPP='g++ -E'
ac_cv_prog_ac_ct_CC=gcc
ac_cv_prog_ac_ct_RANLIB=ranlib
ac_cv_prog_cc_c89=
ac_cv_prog_cc_g=yes
ac_cv_prog_cxx_g=yes
ac_cv_prog_make_make_set=yes
ac_cv_rtti=yes
ac_cv_search_strerror='none required'
ac_cv_std_complex=yes
ac_cv_std_streams=yes
ac_cv_struct_tm=time.h
ac_cv_template_friends_need_brackets=yes
ac_cv_type_size_t=yes
ac_cv_typename=yes
am_cv_CC_dependencies_compiler_type=gcc3
am_cv_CXX_dependencies_compiler_type=gcc3

## ----------------- ##
## Output variables. ##
## ----------------- ##

ABSCC='/usr/bin/gcc'
ABSCXX='/usr/bin/g++'
ABS_X11LIB_PATH='/usr/lib64/libX11.so'
ABS_XLIB_H_PATH='/usr/include/X11/Xlib.h'
ACLOCAL='${SHELL} /u/jblumenk/myoopic/xoopic2/xgrafix/config/missing --run aclocal-1.11'
AMDEPBACKSLASH='\'
AMDEP_FALSE='#'
AMDEP_TRUE=''
AMTAR='tar'
AR='ar cr'
ARFLAGS=' '
AR_FLAGS=' '
AUTOCONF='${SHELL} /u/jblumenk/myoopic/xoopic2/xgrafix/config/missing --run autoconf'
AUTOHEADER='${SHELL} /u/jblumenk/myoopic/xoopic2/xgrafix/config/missing --run autoheader'
AUTOMAKE='${SHELL} /u/jblumenk/myoopic/xoopic2/xgrafix/config/missing --run automake-1.11'
AWK='gawk'
CC='gcc'
CCDEPMODE='depmode=gcc3'
CFLAGS='-Wall -Wno-unused -Wno-uninitialized     -DXPMENABLED -DTcl75_Tk41 -DHAVE_CONVERT -DHAVE_CONVERT'
CMODULELIBS=''
COMPDIR='gcc4'
CONVERT_PATH='/usr/bin/convert'
CPP='gcc -E'
CPPFLAGS=''
CRAY_INSTANTIATE=''
CXX='g++'
CXXCPP='g++ -E'
CXXDEP='g++ -M >depend.u'
CXXDEPFLAGS='-M'
CXXDEPMODE='depmode=gcc3'
CXXFLAGS='-Wall -Wno-unused  -O3 -pipe -funroll-loops -O3 -pipe -funroll-loops  '
CXXMODULELIBS=''
CXX_FLAGS=''
CXX_LIBDIR='/usr/lib/gcc/x86_64-redhat-linux/4.1.1'
CXX_LIBFLAG='-Wl,-rpath,/usr/lib/gcc/x86_64-redhat-linux/4.1.1'
CXX_LTLIBFLAG='-rpath /usr/lib/gcc/x86_64-redhat-linux/4.1.1'
CXX_OPTIFLAGS='-O3 -pipe -funroll-loops'
CXX_PIC_FLAG='-fPIC'
CXX_REPOSITORY=''
CYGPATH_W='echo'
C_FLAGS=''
C_OPTIFLAGS=''
C_PIC_FLAG='-fPIC'
DB_LIB='-ldb'
DEFS='-DHAVE_CONFIG_H'
DEPDIR='.deps'
DYNLINK_LIB='-ldl'
ECHO_C=''
ECHO_N='-n'
ECHO_T=''
EGREP='/bin/grep -E'
EXEEXT=''
F77=''
F77_COMPAT_LIBDIR=''
F77_DBL_FLAG=''
F77_DEBUG_FLAG=''
F77_DEFINE=''
F77_INCLUDE_FLAG=''
F77_LD=''
F77_MACH_FLAG=''
F77_NOOPT_FLAG=''
F77_OPT_FLAG=''
F77_OTHER_FLAG=''
F77_PYFORT=''
F77_RTCHAR=''
FFLAGS=''
FLIBS=''
FTEST_DIR=''
GREP='/bin/grep'
HAVE_BUNDLES='false'
HAVE_CONVERT='-DHAVE_CONVERT'
HAVE_PNG='-DHAVE_CONVERT'
INSTALL_DATA='${INSTALL} -m 644'
INSTALL_LIBRARY='${INSTALL} -m 644'
INSTALL_PROGRAM='${INSTALL}'
INSTALL_SCRIPT='${INSTALL}'
INSTALL_STRIP_PROGRAM='$(install_sh) -c -s'
LDFLAGS=' '
LDWITHMODULE='g++ -Wl,-export-dynamic'
LDWITHMODULE_FLAGS='-Wl,-export-dynamic'
LIBEXT='.a'
LIBOBJS=''
LIBPNG_PATH='/usr/lib64/libpng.a'
LIBS=''
LINKCMODULE='gcc -shared '
LINKCMODULE_FLAGS='-shared '
LINKCXXMODULE='g++ -shared '
LINKCXXMODULE_FLAGS='-shared '
LINK_DYNAMIC='-Wl,-Bdynamic'
LINK_STATIC='-Wl,-Bstatic'
LN_S='ln -s'
LTLIBOBJS=''
MAINT='#'
MAINTAINER_MODE_FALSE=''
MAINTAINER_MODE_TRUE='#'
MAKEINFO='${SHELL} /u/jblumenk/myoopic/xoopic2/xgrafix/config/missing --run makeinfo'
MKDIR_P='/bin/mkdir -p'
MPI_LIBDIR=''
MPI_RUNLIBFLAG=''
NET_LIBS=''
OBJEXT='o'
PACKAGE='xgrafix'
PACKAGE_BUGREPORT=''
PACKAGE_NAME=''
PACKAGE_STRING=''
PACKAGE_TARNAME=''
PACKAGE_URL=''
PACKAGE_VERSION=''
PATH_SEPARATOR=':'
PIC_FLAG='-fpic'
RANLIB='ranlib'
RPATH_FLAG='-Wl,-rpath,'
SERIALCC='gcc'
SERIALCXX='g++'
SET_MAKE=''
SHELL='/bin/sh'
SO='.so'
STRIP=''
TCL_INCDIR='/usr/include'
TCL_LIB='-L/usr/lib64 -ltk8.4 -L/usr/lib64 -ltcl8.4${TCL_DBGX}'
TCL_LIBDIR_PATH='/usr/lib/libtcl8.4.so'
THREAD_LIB='-lpthread'
TK_INCDIR='/usr/include'
TK_LIBDIR_PATH='/usr/lib/libtk8.4.so'
VERSION='2.x'
X11_INCDIR='/usr/include'
X11_LIB='-lX11'
X11_LIBDIR='/usr/lib64'
X11_LIBS=''
XGRAFIX_TOP_SRCDIR='/u/jblumenk/myoopic/xoopic2/xgrafix'
XPM_LIB='-lXpm'
XPM_LIBDIR='/usr/lib64'
XPM_LIBDIR_PATH='/usr/lib64/libXpm.so'
XT_LIB='-lXt'
ZLIB_DIR=''
Z_LIBDIR=''
abs_top_builddir='/u/jblumenk/myoopic/xoopic2/xgrafix'
ac_ct_CC='gcc'
ac_ct_CXX=''
am__EXEEXT_FALSE=''
am__EXEEXT_TRUE='#'
am__fastdepCC_FALSE='#'
am__fastdepCC_TRUE=''
am__fastdepCXX_FALSE='#'
am__fastdepCXX_TRUE=''
am__include='include'
am__isrc=''
am__leading_dot='.'
am__quote=''
am__tar='${AMTAR} chof - "$$tardir"'
am__untar='${AMTAR} xf -'
bindir='${exec_prefix}/bin'
build='x86_64-unknown-linux-gnu'
build_alias=''
build_cpu='x86_64'
build_os='linux-gnu'
build_vendor='unknown'
datadir='${datarootdir}'
datarootdir='${prefix}/share'
docdir='${datarootdir}/doc/${PACKAGE}'
dvidir='${docdir}'
exec_prefix='${prefix}'
host='x86_64-unknown-linux-gnu'
host_alias=''
host_cpu='x86_64'
host_os='linux-gnu'
host_vendor='unknown'
htmldir='${docdir}'
includedir='${prefix}/include'
infodir='${datarootdir}/info'
install_sh='${SHELL} /u/jblumenk/myoopic/xoopic2/xgrafix/config/install-sh'
libdir='${exec_prefix}/lib'
libexecdir='${exec_prefix}/libexec'
localedir='${datarootdir}/locale'
localstatedir='${prefix}/var'
mandir='${datarootdir}/man'
mkdir_p='/bin/mkdir -p'
oldincludedir='/usr/include'
pdfdir='${docdir}'
prefix='/u/jblumenk/myoopic/xoopic2'
program_transform_name='s,x,x,'
psdir='${docdir}'
sbindir='${exec_prefix}/sbin'
sharedstatedir='${prefix}/com'
sysconfdir='${prefix}/etc'
target_alias=''
tclconfigsh='/usr/lib64/tclConfig.sh'
tclsh='/usr/bin/tclsh'

## ----------- ##
## confdefs.h. ##
## ----------- ##

/* confdefs.h */
#define PACKAGE_NAME ""
#define PACKAGE_TARNAME ""
#define PACKAGE_VERSION ""
#define PACKAGE_STRING ""
#define PACKAGE_BUGREPORT ""
#define PACKAGE_URL ""
#define PACKAGE "xgrafix"
#define VERSION "2.x"
#define HOSTTYPE "x86_64-unknown-linux-gnu"
#define TIME_WITH_SYS_TIME 1
#define CXX "g++"
#define CXX_VERSION "4.1.2"
#define CXX_OPTIFLAGS "-O3 -pipe -funroll-loops"
#define CXX_SHAREDLIBFLAGS "-shared"
#define TOP_BUILDDIR "/u/jblumenk/myoopic/xoopic2/xgrafix"
#define TOP_SRCDIR "/u/jblumenk/myoopic/xoopic2/xgrafix"
#define STDC_HEADERS 1
#define HAVE_SYS_TYPES_H 1
#define HAVE_SYS_STAT_H 1
#define HAVE_STDLIB_H 1
#define HAVE_STRING_H 1
#define HAVE_MEMORY_H 1
#define HAVE_STRINGS_H 1
#define HAVE_INTTYPES_H 1
#define HAVE_STDINT_H 1
#define HAVE_UNISTD_H 1
#define HAVE_NAMESPACES /**/
#define HAVE_STD_COMPLEX 1
#define HAVE_STD_STREAMS 1
#define TEMPLATE_FRIENDS_NEED_BRACKETS 1
#define HAVE_GENERALLY_DECLARED_STATICS 1

configure: exit 0
